1708077104251:add -firstName=Mikhail -lastName=Malev -age=15
1708077128572:add --firstName=Mikhail --lastName=Malev --age=15
1708078022743:add Mikhail Malev 15
1708080010793:add Mike Malev 18
1708097830420:add Mike Malev 17
1708097840969:printAll
1708097867925:add Mike M 15
1708097870558:print
1708097962610:add Mike Malev 23
1708097972598:add Nat Nav 22
1708097975206:print
1708099298947:add Mikhail Malev 36
1708099302796:print
1708099326874:add Maleva Natalia 34
1708099330046:print
1708099348656:delete --id=1
1708099360983:delete --id='1'
1708099374098:delete '--id=1'
1708099420774:delete '--id 1'
1708099425154:delete --id 1
1708099428944:print
1708099770844:add Mikhail Malev 21
1708099791070:print
1708099801984:add Natalia Maleva 32
1708099805212:print
1708099828355:delete c4ea93a6-b2e2-4310-97e3-0f70783f8926
1708099833008:print
1708117610090:add
1708117620450:add Mike Malev 15
1708117789407:stacktrace
1708117863241:add M M 15
1708117887157:print
1708168578276:add M M 15
1708168596814:delete --id 7f673fa7-1016-4b5f-9b3f-f5b5cb800f5f
1708168604895:print
1708168608051:add M M 15
1708168610157:print
1708168680422:add M M 15
1708168693793:delete --id 15f83b1c-3a0a-4913-b851-d3ca2319cd74
1708168701192:print
1708270906763:add M M 23
1708270910254:print
1708270924275:delete --id b45c364e-73a8-407f-9918-8e1a2d764b3a
1708270931664:print
